<?xml version="1.0" encoding="UTF-8"?>
<!-- Generated by org.testng.reporters.JUnitReportReporter -->
<testsuite hostname="Monster" failures="0" tests="2" name="testNG_demo.Example6" time="12.280" errors="0" timestamp="2024-04-18T11:40:19 IST" skipped="0">
  <testcase classname="testNG_demo.Example6" name="testOrangeHrmLeavePage" time="6.274"/>
  <system-out/>
  <testcase classname="testNG_demo.Example6" name="testOrangeHrmPIMPage" time="6.006"/>
  <system-out/>
</testsuite> <!-- testNG_demo.Example6 -->
