<?xml version="1.0" encoding="UTF-8"?>
<!-- Generated by org.testng.reporters.JUnitReportReporter -->
<testsuite hostname="Monster" failures="0" tests="4" name="testNG_demo.Example2" time="0.008" errors="0" timestamp="2024-04-17T17:47:19 IST" skipped="1">
  <testcase classname="testNG_demo.Example2" name="testCase4" time="0.002"/>
  <system-out/>
  <testcase classname="testNG_demo.Example2" name="testCase1" time="0.002"/>
  <system-out/>
  <testcase classname="testNG_demo.Example2" name="testCase2" time="0.004"/>
  <system-out/>
  <testcase classname="testNG_demo.Example2" name="testCase3">
    <skipped/>
  </testcase> <!-- testCase3 -->
  <system-out/>
</testsuite> <!-- testNG_demo.Example2 -->
