<?xml version="1.0" encoding="UTF-8"?>
<!-- Generated by org.testng.reporters.JUnitReportReporter -->
<testsuite hostname="Monster" failures="0" tests="2" name="testNG_demo.Assert_Example1" time="36.332" errors="0" timestamp="2024-04-17T19:43:19 IST" skipped="0">
  <testcase classname="testNG_demo.Assert_Example1" name="testOrangeHrmLogin_negativeFlow" time="29.563"/>
  <system-out/>
  <testcase classname="testNG_demo.Assert_Example1" name="testOrangeHrmLogin_positiveFlow" time="6.769"/>
  <system-out/>
</testsuite> <!-- testNG_demo.Assert_Example1 -->
