<?xml version="1.0" encoding="UTF-8"?>
<!-- Generated by org.testng.reporters.JUnitReportReporter -->
<testsuite hostname="Monster" failures="0" tests="2" name="testNG_demo.OrangeHrmPim" time="14.776" errors="0" timestamp="2024-04-17T18:58:15 IST" skipped="0">
  <testcase classname="testNG_demo.OrangeHrmPim" name="testOrangeHrmLogin_negativeFlow" time="7.721"/>
  <system-out/>
  <testcase classname="testNG_demo.OrangeHrmPim" name="testOrangeHrmLogin_positiveFlow" time="7.055"/>
  <system-out/>
</testsuite> <!-- testNG_demo.OrangeHrmPim -->
