<?xml version="1.0" encoding="UTF-8"?>
<!-- Generated by org.testng.reporters.JUnitReportReporter -->
<testsuite hostname="Monster" failures="0" tests="1" name="testNG_demo.Example4" time="0.001" errors="0" timestamp="2024-04-17T17:47:19 IST" skipped="0">
  <testcase classname="testNG_demo.Example4" name="f" time="0.001"/>
  <system-out/>
</testsuite> <!-- testNG_demo.Example4 -->
