<?xml version="1.0" encoding="UTF-8"?>
<!-- Generated by org.testng.reporters.JUnitReportReporter -->
<testsuite hostname="Monster" failures="0" tests="3" name="testNG_demo.Example1" time="0.022" errors="0" timestamp="2024-04-17T17:47:19 IST" skipped="0">
  <testcase classname="testNG_demo.Example1" name="testCase3" time="0.004"/>
  <system-out/>
  <testcase classname="testNG_demo.Example1" name="testCase1" time="0.013"/>
  <system-out/>
  <testcase classname="testNG_demo.Example1" name="testCase2" time="0.005"/>
  <system-out/>
</testsuite> <!-- testNG_demo.Example1 -->
