<?xml version="1.0" encoding="UTF-8"?>
<!-- Generated by org.testng.reporters.JUnitReportReporter -->
<testsuite hostname="Monster" failures="0" tests="9" name="testNG_demo.Example3" time="5.047" errors="2" timestamp="2024-04-17T17:47:19 IST" skipped="1">
  <testcase classname="testNG_demo.Example3" name="testCase1" time="0.002"/>
  <system-out/>
  <testcase classname="testNG_demo.Example3" name="testCase1" time="0.003"/>
  <system-out/>
  <testcase classname="testNG_demo.Example3" name="testCase1" time="0.001"/>
  <system-out/>
  <testcase classname="testNG_demo.Example3" name="testCase1" time="0.001"/>
  <system-out/>
  <testcase classname="testNG_demo.Example3" name="testCase1" time="0.002"/>
  <system-out/>
  <testcase classname="testNG_demo.Example3" name="testCase2" time="2.016">
    <error message="Method testNG_demo.Example3.testCase2() didn&#039;t finish within the time-out 2000" type="org.testng.internal.thread.ThreadTimeoutException">
      <![CDATA[org.testng.internal.thread.ThreadTimeoutException: Method testNG_demo.Example3.testCase2() didn't finish within the time-out 2000
at java.base@17.0.7/java.lang.Thread.sleep(Native Method)
at app//testNG_demo.Example3.testCase2(Example3.java:16)
at java.base@17.0.7/jdk.internal.reflect.NativeMethodAccessorImpl.invoke0(Native Method)
at java.base@17.0.7/jdk.internal.reflect.NativeMethodAccessorImpl.invoke(NativeMethodAccessorImpl.java:77)
at java.base@17.0.7/jdk.internal.reflect.DelegatingMethodAccessorImpl.invoke(DelegatingMethodAccessorImpl.java:43)
at java.base@17.0.7/java.lang.reflect.Method.invoke(Method.java:568)
at app//org.testng.internal.invokers.MethodInvocationHelper.invokeMethod(MethodInvocationHelper.java:139)
at app//org.testng.internal.invokers.InvokeMethodRunnable.runOne(InvokeMethodRunnable.java:47)
at app//org.testng.internal.invokers.InvokeMethodRunnable.call(InvokeMethodRunnable.java:76)
at app//org.testng.internal.invokers.InvokeMethodRunnable.call(InvokeMethodRunnable.java:11)
at java.base@17.0.7/java.util.concurrent.FutureTask.run(FutureTask.java:264)
at java.base@17.0.7/java.util.concurrent.ThreadPoolExecutor.runWorker(ThreadPoolExecutor.java:1136)
at java.base@17.0.7/java.util.concurrent.ThreadPoolExecutor$Worker.run(ThreadPoolExecutor.java:635)
at java.base@17.0.7/java.lang.Thread.run(Thread.java:833)
]]>
    </error>
  </testcase> <!-- testCase2 -->
  <system-out/>
  <testcase classname="testNG_demo.Example3" name="testCase5" time="2.006">
    <error message="Method testNG_demo.Example3.testCase5() didn&#039;t finish within the time-out 2000" type="org.testng.internal.thread.ThreadTimeoutException">
      <![CDATA[org.testng.internal.thread.ThreadTimeoutException: Method testNG_demo.Example3.testCase5() didn't finish within the time-out 2000
at java.base@17.0.7/java.lang.Thread.sleep(Native Method)
at app//testNG_demo.Example3.testCase5(Example3.java:27)
at java.base@17.0.7/jdk.internal.reflect.NativeMethodAccessorImpl.invoke0(Native Method)
at java.base@17.0.7/jdk.internal.reflect.NativeMethodAccessorImpl.invoke(NativeMethodAccessorImpl.java:77)
at java.base@17.0.7/jdk.internal.reflect.DelegatingMethodAccessorImpl.invoke(DelegatingMethodAccessorImpl.java:43)
at java.base@17.0.7/java.lang.reflect.Method.invoke(Method.java:568)
at app//org.testng.internal.invokers.MethodInvocationHelper.invokeMethod(MethodInvocationHelper.java:139)
at app//org.testng.internal.invokers.InvokeMethodRunnable.runOne(InvokeMethodRunnable.java:47)
at app//org.testng.internal.invokers.InvokeMethodRunnable.call(InvokeMethodRunnable.java:76)
at app//org.testng.internal.invokers.InvokeMethodRunnable.call(InvokeMethodRunnable.java:11)
at java.base@17.0.7/java.util.concurrent.FutureTask.run(FutureTask.java:264)
at java.base@17.0.7/java.util.concurrent.ThreadPoolExecutor.runWorker(ThreadPoolExecutor.java:1136)
at java.base@17.0.7/java.util.concurrent.ThreadPoolExecutor$Worker.run(ThreadPoolExecutor.java:635)
at java.base@17.0.7/java.lang.Thread.run(Thread.java:833)
]]>
    </error>
  </testcase> <!-- testCase5 -->
  <system-out/>
  <testcase classname="testNG_demo.Example3" name="testCase4" time="1.016"/>
  <system-out/>
  <testcase classname="testNG_demo.Example3" name="testCase3">
    <skipped/>
  </testcase> <!-- testCase3 -->
  <system-out/>
</testsuite> <!-- testNG_demo.Example3 -->
